<?xml version="1.0" encoding="UTF-8"?>
<!-- Generated by org.testng.reporters.JUnitXMLReporter -->
<testsuite hostname="P5-H7L6T72" name="Test" tests="6" failures="0" timestamp="14 Jun 2019 06:11:31 GMT" time="0.094" errors="0">
  <testcase name="openBrowser" time="0.016" classname="testngfeatures.MercuryApp"/>
  <testcase name="OpenUrl" time="0.0" classname="testngfeatures.MercuryApp"/>
  <testcase name="login" time="0.015" classname="testngfeatures.MercuryApp"/>
  <testcase name="bookFlight" time="0.0" classname="testngfeatures.MercuryApp"/>
  <testcase name="logout" time="0.016" classname="testngfeatures.MercuryApp"/>
  <testcase name="closeBrowser" time="0.0" classname="testngfeatures.MercuryApp"/>
</testsuite> <!-- Test -->
